<?xml version="1.0" encoding="UTF-8"?>
<testsuite xmlns:xsi="http://www.w3.org/2001/XMLSchema-instance" xsi:noNamespaceSchemaLocation="https://maven.apache.org/surefire/maven-surefire-plugin/xsd/surefire-test-report.xsd" version="3.0.2" name="com.itheima.springbootprofiles.SpringbootProfilesApplicationTests" time="3.028" tests="1" errors="0" skipped="0" failures="0">
  <properties>
    <property name="java.specification.version" value="17"/>
    <property name="sun.cpu.isalist" value="amd64"/>
    <property name="sun.jnu.encoding" value="GBK"/>
    <property name="java.class.path" value="C:\Users\Xi1\IdeaProjects\springboot-profiles\target\test-classes;C:\Users\Xi1\IdeaProjects\springboot-profiles\target\classes;D:\apache-maven-3.9.6\repo\org\springframework\boot\spring-boot-starter-web\3.4.4\spring-boot-starter-web-3.4.4.jar;D:\apache-maven-3.9.6\repo\org\springframework\boot\spring-boot-starter\3.4.4\spring-boot-starter-3.4.4.jar;D:\apache-maven-3.9.6\repo\org\springframework\boot\spring-boot\3.4.4\spring-boot-3.4.4.jar;D:\apache-maven-3.9.6\repo\org\springframework\boot\spring-boot-autoconfigure\3.4.4\spring-boot-autoconfigure-3.4.4.jar;D:\apache-maven-3.9.6\repo\org\springframework\boot\spring-boot-starter-logging\3.4.4\spring-boot-starter-logging-3.4.4.jar;D:\apache-maven-3.9.6\repo\ch\qos\logback\logback-classic\1.5.18\logback-classic-1.5.18.jar;D:\apache-maven-3.9.6\repo\ch\qos\logback\logback-core\1.5.18\logback-core-1.5.18.jar;D:\apache-maven-3.9.6\repo\org\apache\logging\log4j\log4j-to-slf4j\2.24.3\log4j-to-slf4j-2.24.3.jar;D:\apache-maven-3.9.6\repo\org\apache\logging\log4j\log4j-api\2.24.3\log4j-api-2.24.3.jar;D:\apache-maven-3.9.6\repo\org\slf4j\jul-to-slf4j\2.0.17\jul-to-slf4j-2.0.17.jar;D:\apache-maven-3.9.6\repo\jakarta\annotation\jakarta.annotation-api\2.1.1\jakarta.annotation-api-2.1.1.jar;D:\apache-maven-3.9.6\repo\org\yaml\snakeyaml\2.3\snakeyaml-2.3.jar;D:\apache-maven-3.9.6\repo\org\springframework\boot\spring-boot-starter-json\3.4.4\spring-boot-starter-json-3.4.4.jar;D:\apache-maven-3.9.6\repo\com\fasterxml\jackson\core\jackson-databind\2.18.3\jackson-databind-2.18.3.jar;D:\apache-maven-3.9.6\repo\com\fasterxml\jackson\core\jackson-annotations\2.18.3\jackson-annotations-2.18.3.jar;D:\apache-maven-3.9.6\repo\com\fasterxml\jackson\core\jackson-core\2.18.3\jackson-core-2.18.3.jar;D:\apache-maven-3.9.6\repo\com\fasterxml\jackson\datatype\jackson-datatype-jdk8\2.18.3\jackson-datatype-jdk8-2.18.3.jar;D:\apache-maven-3.9.6\repo\com\fasterxml\jackson\datatype\jackson-datatype-jsr310\2.18.3\jackson-datatype-jsr310-2.18.3.jar;D:\apache-maven-3.9.6\repo\com\fasterxml\jackson\module\jackson-module-parameter-names\2.18.3\jackson-module-parameter-names-2.18.3.jar;D:\apache-maven-3.9.6\repo\org\springframework\boot\spring-boot-starter-tomcat\3.4.4\spring-boot-starter-tomcat-3.4.4.jar;D:\apache-maven-3.9.6\repo\org\apache\tomcat\embed\tomcat-embed-core\10.1.39\tomcat-embed-core-10.1.39.jar;D:\apache-maven-3.9.6\repo\org\apache\tomcat\embed\tomcat-embed-el\10.1.39\tomcat-embed-el-10.1.39.jar;D:\apache-maven-3.9.6\repo\org\apache\tomcat\embed\tomcat-embed-websocket\10.1.39\tomcat-embed-websocket-10.1.39.jar;D:\apache-maven-3.9.6\repo\org\springframework\spring-web\6.2.5\spring-web-6.2.5.jar;D:\apache-maven-3.9.6\repo\org\springframework\spring-beans\6.2.5\spring-beans-6.2.5.jar;D:\apache-maven-3.9.6\repo\io\micrometer\micrometer-observation\1.14.5\micrometer-observation-1.14.5.jar;D:\apache-maven-3.9.6\repo\io\micrometer\micrometer-commons\1.14.5\micrometer-commons-1.14.5.jar;D:\apache-maven-3.9.6\repo\org\springframework\spring-webmvc\6.2.5\spring-webmvc-6.2.5.jar;D:\apache-maven-3.9.6\repo\org\springframework\spring-aop\6.2.5\spring-aop-6.2.5.jar;D:\apache-maven-3.9.6\repo\org\springframework\spring-context\6.2.5\spring-context-6.2.5.jar;D:\apache-maven-3.9.6\repo\org\springframework\spring-expression\6.2.5\spring-expression-6.2.5.jar;D:\apache-maven-3.9.6\repo\org\springframework\boot\spring-boot-starter-test\3.4.4\spring-boot-starter-test-3.4.4.jar;D:\apache-maven-3.9.6\repo\org\springframework\boot\spring-boot-test\3.4.4\spring-boot-test-3.4.4.jar;D:\apache-maven-3.9.6\repo\org\springframework\boot\spring-boot-test-autoconfigure\3.4.4\spring-boot-test-autoconfigure-3.4.4.jar;D:\apache-maven-3.9.6\repo\com\jayway\jsonpath\json-path\2.9.0\json-path-2.9.0.jar;D:\apache-maven-3.9.6\repo\org\slf4j\slf4j-api\2.0.17\slf4j-api-2.0.17.jar;D:\apache-maven-3.9.6\repo\jakarta\xml\bind\jakarta.xml.bind-api\4.0.2\jakarta.xml.bind-api-4.0.2.jar;D:\apache-maven-3.9.6\repo\jakarta\activation\jakarta.activation-api\2.1.3\jakarta.activation-api-2.1.3.jar;D:\apache-maven-3.9.6\repo\net\minidev\json-smart\2.5.2\json-smart-2.5.2.jar;D:\apache-maven-3.9.6\repo\net\minidev\accessors-smart\2.5.2\accessors-smart-2.5.2.jar;D:\apache-maven-3.9.6\repo\org\ow2\asm\asm\9.7.1\asm-9.7.1.jar;D:\apache-maven-3.9.6\repo\org\assertj\assertj-core\3.26.3\assertj-core-3.26.3.jar;D:\apache-maven-3.9.6\repo\net\bytebuddy\byte-buddy\1.15.11\byte-buddy-1.15.11.jar;D:\apache-maven-3.9.6\repo\org\awaitility\awaitility\4.2.2\awaitility-4.2.2.jar;D:\apache-maven-3.9.6\repo\org\hamcrest\hamcrest\2.2\hamcrest-2.2.jar;D:\apache-maven-3.9.6\repo\org\junit\jupiter\junit-jupiter\5.11.4\junit-jupiter-5.11.4.jar;D:\apache-maven-3.9.6\repo\org\junit\jupiter\junit-jupiter-api\5.11.4\junit-jupiter-api-5.11.4.jar;D:\apache-maven-3.9.6\repo\org\opentest4j\opentest4j\1.3.0\opentest4j-1.3.0.jar;D:\apache-maven-3.9.6\repo\org\junit\platform\junit-platform-commons\1.11.4\junit-platform-commons-1.11.4.jar;D:\apache-maven-3.9.6\repo\org\apiguardian\apiguardian-api\1.1.2\apiguardian-api-1.1.2.jar;D:\apache-maven-3.9.6\repo\org\junit\jupiter\junit-jupiter-params\5.11.4\junit-jupiter-params-5.11.4.jar;D:\apache-maven-3.9.6\repo\org\junit\jupiter\junit-jupiter-engine\5.11.4\junit-jupiter-engine-5.11.4.jar;D:\apache-maven-3.9.6\repo\org\junit\platform\junit-platform-engine\1.11.4\junit-platform-engine-1.11.4.jar;D:\apache-maven-3.9.6\repo\org\mockito\mockito-core\5.14.2\mockito-core-5.14.2.jar;D:\apache-maven-3.9.6\repo\net\bytebuddy\byte-buddy-agent\1.15.11\byte-buddy-agent-1.15.11.jar;D:\apache-maven-3.9.6\repo\org\objenesis\objenesis\3.3\objenesis-3.3.jar;D:\apache-maven-3.9.6\repo\org\mockito\mockito-junit-jupiter\5.14.2\mockito-junit-jupiter-5.14.2.jar;D:\apache-maven-3.9.6\repo\org\skyscreamer\jsonassert\1.5.3\jsonassert-1.5.3.jar;D:\apache-maven-3.9.6\repo\com\vaadin\external\google\android-json\0.0.20131108.vaadin1\android-json-0.0.20131108.vaadin1.jar;D:\apache-maven-3.9.6\repo\org\springframework\spring-core\6.2.5\spring-core-6.2.5.jar;D:\apache-maven-3.9.6\repo\org\springframework\spring-jcl\6.2.5\spring-jcl-6.2.5.jar;D:\apache-maven-3.9.6\repo\org\springframework\spring-test\6.2.5\spring-test-6.2.5.jar;D:\apache-maven-3.9.6\repo\org\xmlunit\xmlunit-core\2.10.0\xmlunit-core-2.10.0.jar;"/>
    <property name="java.vm.vendor" value="Oracle Corporation"/>
    <property name="sun.arch.data.model" value="64"/>
    <property name="user.variant" value=""/>
    <property name="java.vendor.url" value="https://java.oracle.com/"/>
    <property name="user.timezone" value="Asia/Shanghai"/>
    <property name="os.name" value="Windows 11"/>
    <property name="java.vm.specification.version" value="17"/>
    <property name="sun.java.launcher" value="SUN_STANDARD"/>
    <property name="user.country" value="CN"/>
    <property name="sun.boot.library.path" value="D:\jdk-17.0.10\jdk-17.0.10\bin"/>
    <property name="sun.java.command" value="C:\Users\Xi1\AppData\Local\Temp\surefire4630675391635681932\surefirebooter-20250411124001918_3.jar C:\Users\Xi1\AppData\Local\Temp\surefire4630675391635681932 2025-04-11T12-40-01_809-jvmRun1 surefire-20250411124001918_1tmp surefire_0-20250411124001918_2tmp"/>
    <property name="jdk.debug" value="release"/>
    <property name="surefire.test.class.path" value="C:\Users\Xi1\IdeaProjects\springboot-profiles\target\test-classes;C:\Users\Xi1\IdeaProjects\springboot-profiles\target\classes;D:\apache-maven-3.9.6\repo\org\springframework\boot\spring-boot-starter-web\3.4.4\spring-boot-starter-web-3.4.4.jar;D:\apache-maven-3.9.6\repo\org\springframework\boot\spring-boot-starter\3.4.4\spring-boot-starter-3.4.4.jar;D:\apache-maven-3.9.6\repo\org\springframework\boot\spring-boot\3.4.4\spring-boot-3.4.4.jar;D:\apache-maven-3.9.6\repo\org\springframework\boot\spring-boot-autoconfigure\3.4.4\spring-boot-autoconfigure-3.4.4.jar;D:\apache-maven-3.9.6\repo\org\springframework\boot\spring-boot-starter-logging\3.4.4\spring-boot-starter-logging-3.4.4.jar;D:\apache-maven-3.9.6\repo\ch\qos\logback\logback-classic\1.5.18\logback-classic-1.5.18.jar;D:\apache-maven-3.9.6\repo\ch\qos\logback\logback-core\1.5.18\logback-core-1.5.18.jar;D:\apache-maven-3.9.6\repo\org\apache\logging\log4j\log4j-to-slf4j\2.24.3\log4j-to-slf4j-2.24.3.jar;D:\apache-maven-3.9.6\repo\org\apache\logging\log4j\log4j-api\2.24.3\log4j-api-2.24.3.jar;D:\apache-maven-3.9.6\repo\org\slf4j\jul-to-slf4j\2.0.17\jul-to-slf4j-2.0.17.jar;D:\apache-maven-3.9.6\repo\jakarta\annotation\jakarta.annotation-api\2.1.1\jakarta.annotation-api-2.1.1.jar;D:\apache-maven-3.9.6\repo\org\yaml\snakeyaml\2.3\snakeyaml-2.3.jar;D:\apache-maven-3.9.6\repo\org\springframework\boot\spring-boot-starter-json\3.4.4\spring-boot-starter-json-3.4.4.jar;D:\apache-maven-3.9.6\repo\com\fasterxml\jackson\core\jackson-databind\2.18.3\jackson-databind-2.18.3.jar;D:\apache-maven-3.9.6\repo\com\fasterxml\jackson\core\jackson-annotations\2.18.3\jackson-annotations-2.18.3.jar;D:\apache-maven-3.9.6\repo\com\fasterxml\jackson\core\jackson-core\2.18.3\jackson-core-2.18.3.jar;D:\apache-maven-3.9.6\repo\com\fasterxml\jackson\datatype\jackson-datatype-jdk8\2.18.3\jackson-datatype-jdk8-2.18.3.jar;D:\apache-maven-3.9.6\repo\com\fasterxml\jackson\datatype\jackson-datatype-jsr310\2.18.3\jackson-datatype-jsr310-2.18.3.jar;D:\apache-maven-3.9.6\repo\com\fasterxml\jackson\module\jackson-module-parameter-names\2.18.3\jackson-module-parameter-names-2.18.3.jar;D:\apache-maven-3.9.6\repo\org\springframework\boot\spring-boot-starter-tomcat\3.4.4\spring-boot-starter-tomcat-3.4.4.jar;D:\apache-maven-3.9.6\repo\org\apache\tomcat\embed\tomcat-embed-core\10.1.39\tomcat-embed-core-10.1.39.jar;D:\apache-maven-3.9.6\repo\org\apache\tomcat\embed\tomcat-embed-el\10.1.39\tomcat-embed-el-10.1.39.jar;D:\apache-maven-3.9.6\repo\org\apache\tomcat\embed\tomcat-embed-websocket\10.1.39\tomcat-embed-websocket-10.1.39.jar;D:\apache-maven-3.9.6\repo\org\springframework\spring-web\6.2.5\spring-web-6.2.5.jar;D:\apache-maven-3.9.6\repo\org\springframework\spring-beans\6.2.5\spring-beans-6.2.5.jar;D:\apache-maven-3.9.6\repo\io\micrometer\micrometer-observation\1.14.5\micrometer-observation-1.14.5.jar;D:\apache-maven-3.9.6\repo\io\micrometer\micrometer-commons\1.14.5\micrometer-commons-1.14.5.jar;D:\apache-maven-3.9.6\repo\org\springframework\spring-webmvc\6.2.5\spring-webmvc-6.2.5.jar;D:\apache-maven-3.9.6\repo\org\springframework\spring-aop\6.2.5\spring-aop-6.2.5.jar;D:\apache-maven-3.9.6\repo\org\springframework\spring-context\6.2.5\spring-context-6.2.5.jar;D:\apache-maven-3.9.6\repo\org\springframework\spring-expression\6.2.5\spring-expression-6.2.5.jar;D:\apache-maven-3.9.6\repo\org\springframework\boot\spring-boot-starter-test\3.4.4\spring-boot-starter-test-3.4.4.jar;D:\apache-maven-3.9.6\repo\org\springframework\boot\spring-boot-test\3.4.4\spring-boot-test-3.4.4.jar;D:\apache-maven-3.9.6\repo\org\springframework\boot\spring-boot-test-autoconfigure\3.4.4\spring-boot-test-autoconfigure-3.4.4.jar;D:\apache-maven-3.9.6\repo\com\jayway\jsonpath\json-path\2.9.0\json-path-2.9.0.jar;D:\apache-maven-3.9.6\repo\org\slf4j\slf4j-api\2.0.17\slf4j-api-2.0.17.jar;D:\apache-maven-3.9.6\repo\jakarta\xml\bind\jakarta.xml.bind-api\4.0.2\jakarta.xml.bind-api-4.0.2.jar;D:\apache-maven-3.9.6\repo\jakarta\activation\jakarta.activation-api\2.1.3\jakarta.activation-api-2.1.3.jar;D:\apache-maven-3.9.6\repo\net\minidev\json-smart\2.5.2\json-smart-2.5.2.jar;D:\apache-maven-3.9.6\repo\net\minidev\accessors-smart\2.5.2\accessors-smart-2.5.2.jar;D:\apache-maven-3.9.6\repo\org\ow2\asm\asm\9.7.1\asm-9.7.1.jar;D:\apache-maven-3.9.6\repo\org\assertj\assertj-core\3.26.3\assertj-core-3.26.3.jar;D:\apache-maven-3.9.6\repo\net\bytebuddy\byte-buddy\1.15.11\byte-buddy-1.15.11.jar;D:\apache-maven-3.9.6\repo\org\awaitility\awaitility\4.2.2\awaitility-4.2.2.jar;D:\apache-maven-3.9.6\repo\org\hamcrest\hamcrest\2.2\hamcrest-2.2.jar;D:\apache-maven-3.9.6\repo\org\junit\jupiter\junit-jupiter\5.11.4\junit-jupiter-5.11.4.jar;D:\apache-maven-3.9.6\repo\org\junit\jupiter\junit-jupiter-api\5.11.4\junit-jupiter-api-5.11.4.jar;D:\apache-maven-3.9.6\repo\org\opentest4j\opentest4j\1.3.0\opentest4j-1.3.0.jar;D:\apache-maven-3.9.6\repo\org\junit\platform\junit-platform-commons\1.11.4\junit-platform-commons-1.11.4.jar;D:\apache-maven-3.9.6\repo\org\apiguardian\apiguardian-api\1.1.2\apiguardian-api-1.1.2.jar;D:\apache-maven-3.9.6\repo\org\junit\jupiter\junit-jupiter-params\5.11.4\junit-jupiter-params-5.11.4.jar;D:\apache-maven-3.9.6\repo\org\junit\jupiter\junit-jupiter-engine\5.11.4\junit-jupiter-engine-5.11.4.jar;D:\apache-maven-3.9.6\repo\org\junit\platform\junit-platform-engine\1.11.4\junit-platform-engine-1.11.4.jar;D:\apache-maven-3.9.6\repo\org\mockito\mockito-core\5.14.2\mockito-core-5.14.2.jar;D:\apache-maven-3.9.6\repo\net\bytebuddy\byte-buddy-agent\1.15.11\byte-buddy-agent-1.15.11.jar;D:\apache-maven-3.9.6\repo\org\objenesis\objenesis\3.3\objenesis-3.3.jar;D:\apache-maven-3.9.6\repo\org\mockito\mockito-junit-jupiter\5.14.2\mockito-junit-jupiter-5.14.2.jar;D:\apache-maven-3.9.6\repo\org\skyscreamer\jsonassert\1.5.3\jsonassert-1.5.3.jar;D:\apache-maven-3.9.6\repo\com\vaadin\external\google\android-json\0.0.20131108.vaadin1\android-json-0.0.20131108.vaadin1.jar;D:\apache-maven-3.9.6\repo\org\springframework\spring-core\6.2.5\spring-core-6.2.5.jar;D:\apache-maven-3.9.6\repo\org\springframework\spring-jcl\6.2.5\spring-jcl-6.2.5.jar;D:\apache-maven-3.9.6\repo\org\springframework\spring-test\6.2.5\spring-test-6.2.5.jar;D:\apache-maven-3.9.6\repo\org\xmlunit\xmlunit-core\2.10.0\xmlunit-core-2.10.0.jar;"/>
    <property name="sun.cpu.endian" value="little"/>
    <property name="user.home" value="C:\Users\Xi1"/>
    <property name="user.language" value="zh"/>
    <property name="java.specification.vendor" value="Oracle Corporation"/>
    <property name="java.version.date" value="2024-01-16"/>
    <property name="java.home" value="D:\jdk-17.0.10\jdk-17.0.10"/>
    <property name="file.separator" value="\"/>
    <property name="basedir" value="C:\Users\Xi1\IdeaProjects\springboot-profiles"/>
    <property name="java.vm.compressedOopsMode" value="Zero based"/>
    <property name="line.separator" value="&#10;"/>
    <property name="java.vm.specification.vendor" value="Oracle Corporation"/>
    <property name="java.specification.name" value="Java Platform API Specification"/>
    <property name="FILE_LOG_CHARSET" value="GBK"/>
    <property name="java.awt.headless" value="true"/>
    <property name="surefire.real.class.path" value="C:\Users\Xi1\AppData\Local\Temp\surefire4630675391635681932\surefirebooter-20250411124001918_3.jar"/>
    <property name="user.script" value=""/>
    <property name="sun.management.compiler" value="HotSpot 64-Bit Tiered Compilers"/>
    <property name="java.runtime.version" value="17.0.10+11-LTS-240"/>
    <property name="user.name" value="Xi1"/>
    <property name="path.separator" value=";"/>
    <property name="os.version" value="10.0"/>
    <property name="java.runtime.name" value="Java(TM) SE Runtime Environment"/>
    <property name="file.encoding" value="GBK"/>
    <property name="java.vm.name" value="Java HotSpot(TM) 64-Bit Server VM"/>
    <property name="localRepository" value="D:\apache-maven-3.9.6\repo"/>
    <property name="java.vendor.url.bug" value="https://bugreport.java.com/bugreport/"/>
    <property name="java.io.tmpdir" value="C:\Users\Xi1\AppData\Local\Temp\"/>
    <property name="idea.version" value="2023.2"/>
    <property name="java.version" value="17.0.10"/>
    <property name="user.dir" value="C:\Users\Xi1\IdeaProjects\springboot-profiles"/>
    <property name="os.arch" value="amd64"/>
    <property name="java.vm.specification.name" value="Java Virtual Machine Specification"/>
    <property name="PID" value="15024"/>
    <property name="sun.os.patch.level" value=""/>
    <property name="CONSOLE_LOG_CHARSET" value="GBK"/>
    <property name="native.encoding" value="GBK"/>
    <property name="java.library.path" value="D:\jdk-17.0.10\jdk-17.0.10\bin;C:\Windows\Sun\Java\bin;C:\Windows\system32;C:\Windows;C:\Program Files\Java\jdk1.8.0_161\bin;D:\Program Files (x86)\VMware\VMware Workstation\bin\;C:\ProgramData\Oracle\Java\javapath;C:\Windows\system32;C:\Windows;C:\Windows\System32\Wbem;C:\Windows\System32\WindowsPowerShell\v1.0\;C:\Windows\System32\OpenSSH\;C:\Program Files (x86)\NVIDIA Corporation\PhysX\Common;C:\Program Files (x86)\HiClass\HiteCommon\HiteCommon_V1.0.0.20191231;D:\Program Files\Git\cmd;C:\Program Files\NVIDIA Corporation\NVIDIA app\NvDLISR;D:\apache-maven-3.9.6\bin;C:\Users\Xi1\AppData\Local\Programs\Python\Python310\Scripts;D:\Scala\scala-2.11.8\bin;C:\Program Files\Java\jdk1.8.0_161\bin;C:\Users\Xi1\AppData\Local\Microsoft\WindowsApps;F:\Program Files\QQGameTempest\Hall.58012\;D:\idea\IntelliJ IDEA 2023.2\bin;;D:\Fiddler;C:\Users\Xi1\AppData\Local\Programs\Microsoft VS Code\bin;."/>
    <property name="java.vm.info" value="mixed mode, sharing"/>
    <property name="java.vendor" value="Oracle Corporation"/>
    <property name="java.vm.version" value="17.0.10+11-LTS-240"/>
    <property name="sun.io.unicode.encoding" value="UnicodeLittle"/>
    <property name="java.class.version" value="61.0"/>
  </properties>
  <testcase name="contextLoads" classname="com.itheima.springbootprofiles.SpringbootProfilesApplicationTests" time="0.791">
    <system-out><![CDATA[12:40:02.590 [main] INFO org.springframework.test.context.support.AnnotationConfigContextLoaderUtils -- Could not detect default configuration classes for test class [com.itheima.springbootprofiles.SpringbootProfilesApplicationTests]: SpringbootProfilesApplicationTests does not declare any static, non-private, non-final, nested classes annotated with @Configuration.
12:40:02.693 [main] INFO org.springframework.boot.test.context.SpringBootTestContextBootstrapper -- Found @SpringBootConfiguration com.itheima.springbootprofiles.SpringbootProfilesApplication for test class com.itheima.springbootprofiles.SpringbootProfilesApplicationTests

  .   ____          _            __ _ _
 /\\ / ___'_ __ _ _(_)_ __  __ _ \ \ \ \
( ( )\___ | '_ | '_| | '_ \/ _` | \ \ \ \
 \\/  ___)| |_)| | | | | || (_| |  ) ) ) )
  '  |____| .__|_| |_|_| |_\__, | / / / /
 =========|_|==============|___/=/_/_/_/

 :: Spring Boot ::                (v3.4.4)

2025-04-11T12:40:03.208+08:00  INFO 15024 --- [           main] c.i.s.SpringbootProfilesApplicationTests : Starting SpringbootProfilesApplicationTests using Java 17.0.10 with PID 15024 (started by Xi1 in C:\Users\Xi1\IdeaProjects\springboot-profiles)
2025-04-11T12:40:03.209+08:00  INFO 15024 --- [           main] c.i.s.SpringbootProfilesApplicationTests : The following 1 profile is active: "pro"
2025-04-11T12:40:04.672+08:00  INFO 15024 --- [           main] c.i.s.SpringbootProfilesApplicationTests : Started SpringbootProfilesApplicationTests in 1.816 seconds (process running for 2.661)
]]></system-out>
  </testcase>
</testsuite>